<?xml version="1.0" encoding="UTF-8"?>
<coverage generated="1655696492159" clover="3.2.0">
  <project timestamp="1655696492159" name="All files">
    <metrics statements="34" coveredstatements="24" conditionals="16" coveredconditionals="9" methods="10" coveredmethods="7" elements="60" coveredelements="40" complexity="0" loc="34" ncloc="34" packages="2" files="4" classes="4"/>
    <package name="actions">
      <metrics statements="20" coveredstatements="13" conditionals="14" coveredconditionals="9" methods="2" coveredmethods="2"/>
      <file name="example.action.ts" path="/Users/darwin.sivalingapandi/Documents/General/Git/Tux7p/Fin-Test/Lambda-Functions/src/actions/example.action.ts">
        <metrics statements="20" coveredstatements="13" conditionals="14" coveredconditionals="9" methods="2" coveredmethods="2"/>
        <line num="7" count="1" type="stmt"/>
        <line num="8" count="4" type="stmt"/>
        <line num="9" count="4" type="stmt"/>
        <line num="11" count="4" type="cond" truecount="2" falsecount="0"/>
        <line num="12" count="3" type="cond" truecount="4" falsecount="0"/>
        <line num="13" count="2" type="stmt"/>
        <line num="16" count="2" type="stmt"/>
        <line num="18" count="0" type="stmt"/>
        <line num="19" count="0" type="stmt"/>
        <line num="23" count="1" type="stmt"/>
        <line num="24" count="1" type="stmt"/>
        <line num="25" count="1" type="stmt"/>
        <line num="28" count="1" type="cond" truecount="0" falsecount="2"/>
        <line num="34" count="0" type="cond" truecount="0" falsecount="2"/>
        <line num="35" count="0" type="stmt"/>
        <line num="36" count="0" type="stmt"/>
        <line num="38" count="0" type="stmt"/>
        <line num="41" count="0" type="stmt"/>
        <line num="43" count="1" type="stmt"/>
        <line num="44" count="1" type="stmt"/>
      </file>
    </package>
    <package name="http">
      <metrics statements="14" coveredstatements="11" conditionals="2" coveredconditionals="0" methods="8" coveredmethods="5"/>
      <file name="httpResponse.ts" path="/Users/darwin.sivalingapandi/Documents/General/Git/Tux7p/Fin-Test/Lambda-Functions/src/http/httpResponse.ts">
        <metrics statements="14" coveredstatements="11" conditionals="2" coveredconditionals="0" methods="8" coveredmethods="5"/>
        <line num="16" count="1" type="stmt"/>
        <line num="37" count="5" type="stmt"/>
        <line num="42" count="5" type="stmt"/>
        <line num="49" count="5" type="stmt"/>
        <line num="50" count="0" type="stmt"/>
        <line num="57" count="5" type="stmt"/>
        <line num="58" count="0" type="stmt"/>
        <line num="65" count="5" type="stmt"/>
        <line num="66" count="0" type="stmt"/>
        <line num="76" count="5" type="stmt"/>
        <line num="77" count="10" type="stmt"/>
        <line num="78" count="5" type="stmt"/>
        <line num="85" count="5" type="stmt"/>
        <line num="86" count="5" type="stmt"/>
      </file>
      <file name="index.ts" path="/Users/darwin.sivalingapandi/Documents/General/Git/Tux7p/Fin-Test/Lambda-Functions/src/http/index.ts">
        <metrics statements="0" coveredstatements="0" conditionals="0" coveredconditionals="0" methods="0" coveredmethods="0"/>
      </file>
      <file name="statusCodes.ts" path="/Users/darwin.sivalingapandi/Documents/General/Git/Tux7p/Fin-Test/Lambda-Functions/src/http/statusCodes.ts">
        <metrics statements="0" coveredstatements="0" conditionals="0" coveredconditionals="0" methods="0" coveredmethods="0"/>
      </file>
    </package>
  </project>
</coverage>
