{"/Users/darwin.sivalingapandi/Documents/General/Git/Tux7p/Fin-Test/Lambda-Functions/src/actions/example.action.ts": {"path":"/Users/darwin.sivalingapandi/Documents/General/Git/Tux7p/Fin-Test/Lambda-Functions/src/actions/example.action.ts","statementMap":{"0":{"start":{"line":7,"column":27},"end":{"line":21,"column":1}},"1":{"start":{"line":8,"column":2},"end":{"line":20,"column":3}},"2":{"start":{"line":9,"column":4},"end":{"line":9,"column":23}},"3":{"start":{"line":11,"column":4},"end":{"line":15,"column":5}},"4":{"start":{"line":12,"column":6},"end":{"line":14,"column":7}},"5":{"start":{"line":13,"column":8},"end":{"line":13,"column":69}},"6":{"start":{"line":16,"column":4},"end":{"line":16,"column":90}},"7":{"start":{"line":18,"column":4},"end":{"line":18,"column":33}},"8":{"start":{"line":19,"column":4},"end":{"line":19,"column":74}},"9":{"start":{"line":23,"column":25},"end":{"line":46,"column":1}},"10":{"start":{"line":24,"column":2},"end":{"line":45,"column":3}},"11":{"start":{"line":25,"column":4},"end":{"line":25,"column":23}},"12":{"start":{"line":28,"column":4},"end":{"line":40,"column":5}},"13":{"start":{"line":34,"column":6},"end":{"line":39,"column":7}},"14":{"start":{"line":35,"column":20},"end":{"line":35,"column":68}},"15":{"start":{"line":36,"column":8},"end":{"line":36,"column":65}},"16":{"start":{"line":38,"column":8},"end":{"line":38,"column":93}},"17":{"start":{"line":41,"column":4},"end":{"line":41,"column":73}},"18":{"start":{"line":43,"column":4},"end":{"line":43,"column":33}},"19":{"start":{"line":44,"column":4},"end":{"line":44,"column":74}}},"fnMap":{"0":{"name":"(anonymous_0)","decl":{"start":{"line":7,"column":27},"end":{"line":7,"column":28}},"loc":{"start":{"line":7,"column":93},"end":{"line":21,"column":1}},"line":7},"1":{"name":"(anonymous_1)","decl":{"start":{"line":23,"column":25},"end":{"line":23,"column":26}},"loc":{"start":{"line":23,"column":91},"end":{"line":46,"column":1}},"line":23}},"branchMap":{"0":{"loc":{"start":{"line":11,"column":4},"end":{"line":15,"column":5}},"type":"if","locations":[{"start":{"line":11,"column":4},"end":{"line":15,"column":5}},{"start":{},"end":{}}],"line":11},"1":{"loc":{"start":{"line":12,"column":6},"end":{"line":14,"column":7}},"type":"if","locations":[{"start":{"line":12,"column":6},"end":{"line":14,"column":7}},{"start":{},"end":{}}],"line":12},"2":{"loc":{"start":{"line":12,"column":10},"end":{"line":12,"column":50}},"type":"binary-expr","locations":[{"start":{"line":12,"column":10},"end":{"line":12,"column":23}},{"start":{"line":12,"column":27},"end":{"line":12,"column":50}}],"line":12},"3":{"loc":{"start":{"line":28,"column":4},"end":{"line":40,"column":5}},"type":"if","locations":[{"start":{"line":28,"column":4},"end":{"line":40,"column":5}},{"start":{},"end":{}}],"line":28},"4":{"loc":{"start":{"line":29,"column":6},"end":{"line":32,"column":34}},"type":"binary-expr","locations":[{"start":{"line":29,"column":6},"end":{"line":29,"column":25}},{"start":{"line":30,"column":6},"end":{"line":30,"column":28}},{"start":{"line":31,"column":7},"end":{"line":31,"column":40}},{"start":{"line":32,"column":7},"end":{"line":32,"column":33}}],"line":29},"5":{"loc":{"start":{"line":34,"column":6},"end":{"line":39,"column":7}},"type":"if","locations":[{"start":{"line":34,"column":6},"end":{"line":39,"column":7}},{"start":{"line":37,"column":13},"end":{"line":39,"column":7}}],"line":34}},"s":{"0":1,"1":4,"2":4,"3":4,"4":3,"5":2,"6":2,"7":0,"8":0,"9":1,"10":1,"11":1,"12":1,"13":0,"14":0,"15":0,"16":0,"17":0,"18":1,"19":1},"f":{"0":4,"1":1},"b":{"0":[3,1],"1":[2,1],"2":[3,2],"3":[0,0],"4":[1,1,1,0],"5":[0,0]},"_coverageSchema":"1a1c01bbd47fc00a2c39e90264f33305004495a9","hash":"8f987fecde594d9d4c28c95f72a310a3cd616faa"}
,"/Users/darwin.sivalingapandi/Documents/General/Git/Tux7p/Fin-Test/Lambda-Functions/src/http/httpResponse.ts": {"path":"/Users/darwin.sivalingapandi/Documents/General/Git/Tux7p/Fin-Test/Lambda-Functions/src/http/httpResponse.ts","statementMap":{"0":{"start":{"line":16,"column":41},"end":{"line":20,"column":1}},"1":{"start":{"line":37,"column":4},"end":{"line":41,"column":6}},"2":{"start":{"line":42,"column":4},"end":{"line":42,"column":21}},"3":{"start":{"line":49,"column":14},"end":{"line":51,"column":3}},"4":{"start":{"line":50,"column":4},"end":{"line":50,"column":30}},"5":{"start":{"line":57,"column":12},"end":{"line":59,"column":3}},"6":{"start":{"line":58,"column":4},"end":{"line":58,"column":21}},"7":{"start":{"line":65,"column":12},"end":{"line":67,"column":3}},"8":{"start":{"line":66,"column":4},"end":{"line":66,"column":21}},"9":{"start":{"line":76,"column":4},"end":{"line":78,"column":85}},"10":{"start":{"line":77,"column":29},"end":{"line":77,"column":57}},"11":{"start":{"line":78,"column":46},"end":{"line":78,"column":78}},"12":{"start":{"line":85,"column":13},"end":{"line":91,"column":3}},"13":{"start":{"line":86,"column":4},"end":{"line":90,"column":6}}},"fnMap":{"0":{"name":"(anonymous_0)","decl":{"start":{"line":36,"column":2},"end":{"line":36,"column":3}},"loc":{"start":{"line":36,"column":96},"end":{"line":43,"column":3}},"line":36},"1":{"name":"(anonymous_1)","decl":{"start":{"line":49,"column":14},"end":{"line":49,"column":15}},"loc":{"start":{"line":49,"column":37},"end":{"line":51,"column":3}},"line":49},"2":{"name":"(anonymous_2)","decl":{"start":{"line":57,"column":12},"end":{"line":57,"column":13}},"loc":{"start":{"line":57,"column":36},"end":{"line":59,"column":3}},"line":57},"3":{"name":"(anonymous_3)","decl":{"start":{"line":65,"column":12},"end":{"line":65,"column":13}},"loc":{"start":{"line":65,"column":26},"end":{"line":67,"column":3}},"line":65},"4":{"name":"(anonymous_4)","decl":{"start":{"line":75,"column":2},"end":{"line":75,"column":3}},"loc":{"start":{"line":75,"column":85},"end":{"line":79,"column":3}},"line":75},"5":{"name":"(anonymous_5)","decl":{"start":{"line":77,"column":14},"end":{"line":77,"column":15}},"loc":{"start":{"line":77,"column":29},"end":{"line":77,"column":57}},"line":77},"6":{"name":"(anonymous_6)","decl":{"start":{"line":78,"column":14},"end":{"line":78,"column":15}},"loc":{"start":{"line":78,"column":46},"end":{"line":78,"column":78}},"line":78},"7":{"name":"(anonymous_7)","decl":{"start":{"line":85,"column":13},"end":{"line":85,"column":14}},"loc":{"start":{"line":85,"column":30},"end":{"line":91,"column":3}},"line":85}},"branchMap":{"0":{"loc":{"start":{"line":36,"column":14},"end":{"line":36,"column":25}},"type":"default-arg","locations":[{"start":{"line":36,"column":23},"end":{"line":36,"column":25}}],"line":36},"1":{"loc":{"start":{"line":36,"column":27},"end":{"line":36,"column":47}},"type":"default-arg","locations":[{"start":{"line":36,"column":34},"end":{"line":36,"column":47}}],"line":36}},"s":{"0":1,"1":5,"2":5,"3":5,"4":0,"5":5,"6":0,"7":5,"8":0,"9":5,"10":10,"11":5,"12":5,"13":5},"f":{"0":5,"1":0,"2":0,"3":0,"4":5,"5":10,"6":5,"7":5},"b":{"0":[0],"1":[0]},"_coverageSchema":"1a1c01bbd47fc00a2c39e90264f33305004495a9","hash":"208cdf8258343d4759d92fa7a3d3e637efe36c07"}
,"/Users/darwin.sivalingapandi/Documents/General/Git/Tux7p/Fin-Test/Lambda-Functions/src/http/index.ts": {"path":"/Users/darwin.sivalingapandi/Documents/General/Git/Tux7p/Fin-Test/Lambda-Functions/src/http/index.ts","statementMap":{},"fnMap":{},"branchMap":{},"s":{},"f":{},"b":{},"_coverageSchema":"1a1c01bbd47fc00a2c39e90264f33305004495a9","hash":"5353bfef613e9e4fdb0a09e5294d8dfaebc0a249"}
,"/Users/darwin.sivalingapandi/Documents/General/Git/Tux7p/Fin-Test/Lambda-Functions/src/http/statusCodes.ts": {"path":"/Users/darwin.sivalingapandi/Documents/General/Git/Tux7p/Fin-Test/Lambda-Functions/src/http/statusCodes.ts","statementMap":{},"fnMap":{},"branchMap":{},"s":{},"f":{},"b":{},"_coverageSchema":"1a1c01bbd47fc00a2c39e90264f33305004495a9","hash":"2d8b4094cbb50109cbaccbb57ddcf475eaf0478c"}
}
