TN:
SF:src/actions/example.action.ts
FN:7,(anonymous_0)
FN:23,(anonymous_1)
FNF:2
FNH:2
FNDA:4,(anonymous_0)
FNDA:1,(anonymous_1)
DA:7,1
DA:8,4
DA:9,4
DA:11,4
DA:12,3
DA:13,2
DA:16,2
DA:18,0
DA:19,0
DA:23,1
DA:24,1
DA:25,1
DA:28,1
DA:34,0
DA:35,0
DA:36,0
DA:38,0
DA:41,0
DA:43,1
DA:44,1
LF:20
LH:13
BRDA:11,0,0,3
BRDA:11,0,1,1
BRDA:12,1,0,2
BRDA:12,1,1,1
BRDA:12,2,0,3
BRDA:12,2,1,2
BRDA:28,3,0,0
BRDA:28,3,1,0
BRDA:29,4,0,1
BRDA:29,4,1,1
BRDA:29,4,2,1
BRDA:29,4,3,0
BRDA:34,5,0,0
BRDA:34,5,1,0
BRF:14
BRH:9
end_of_record
TN:
SF:src/http/httpResponse.ts
FN:36,(anonymous_0)
FN:49,(anonymous_1)
FN:57,(anonymous_2)
FN:65,(anonymous_3)
FN:75,(anonymous_4)
FN:77,(anonymous_5)
FN:78,(anonymous_6)
FN:85,(anonymous_7)
FNF:8
FNH:5
FNDA:5,(anonymous_0)
FNDA:0,(anonymous_1)
FNDA:0,(anonymous_2)
FNDA:0,(anonymous_3)
FNDA:5,(anonymous_4)
FNDA:10,(anonymous_5)
FNDA:5,(anonymous_6)
FNDA:5,(anonymous_7)
DA:16,1
DA:37,5
DA:42,5
DA:49,5
DA:50,0
DA:57,5
DA:58,0
DA:65,5
DA:66,0
DA:76,5
DA:77,10
DA:78,5
DA:85,5
DA:86,5
LF:14
LH:11
BRDA:36,0,0,0
BRDA:36,1,0,0
BRF:2
BRH:0
end_of_record
TN:
SF:src/http/index.ts
FNF:0
FNH:0
LF:0
LH:0
BRF:0
BRH:0
end_of_record
TN:
SF:src/http/statusCodes.ts
FNF:0
FNH:0
LF:0
LH:0
BRF:0
BRH:0
end_of_record
